  pch.cpp
  CCGRenderContext.cpp
  CCGSceneGraphView.cpp
  CG2022111073冯杰.cpp
  CG2022111073冯杰Doc.cpp
  CG2022111073冯杰View.cpp
D:\CG\CG2022111073冯杰\src\CG2022111073冯杰View.cpp(126,15): warning C4244: “初始化”: 从“double”转换到“float”，可能丢失数据
  (编译源文件“/CG2022111073冯杰View.cpp”)
  
D:\CG\CG2022111073冯杰\src\CG2022111073冯杰View.cpp(127,9): warning C4244: “初始化”: 从“float”转换到“int”，可能丢失数据
  (编译源文件“/CG2022111073冯杰View.cpp”)
  
D:\CG\CG2022111073冯杰\src\CG2022111073冯杰View.cpp(128,9): warning C4244: “初始化”: 从“float”转换到“int”，可能丢失数据
  (编译源文件“/CG2022111073冯杰View.cpp”)
  
  CGCamera.cpp
  CGDraw2DLineSeg.cpp
  CGDraw2DPolylineSegment.cpp
D:\CG\CG2022111073冯杰\src\CGDraw2DPolylineSegment.cpp(65,73): warning C4244: “参数”: 从“T”转换到“int”，可能丢失数据
D:\CG\CG2022111073冯杰\src\CGDraw2DPolylineSegment.cpp(65,73): warning C4244:         with
D:\CG\CG2022111073冯杰\src\CGDraw2DPolylineSegment.cpp(65,73): warning C4244:         [
D:\CG\CG2022111073冯杰\src\CGDraw2DPolylineSegment.cpp(65,73): warning C4244:             T=glm::f64
D:\CG\CG2022111073冯杰\src\CGDraw2DPolylineSegment.cpp(65,73): warning C4244:         ]
  (编译源文件“/CGDraw2DPolylineSegment.cpp”)
  
D:\CG\CG2022111073冯杰\src\CGDraw2DPolylineSegment.cpp(65,59): warning C4244: “参数”: 从“T”转换到“int”，可能丢失数据
D:\CG\CG2022111073冯杰\src\CGDraw2DPolylineSegment.cpp(65,59): warning C4244:         with
D:\CG\CG2022111073冯杰\src\CGDraw2DPolylineSegment.cpp(65,59): warning C4244:         [
D:\CG\CG2022111073冯杰\src\CGDraw2DPolylineSegment.cpp(65,59): warning C4244:             T=glm::f64
D:\CG\CG2022111073冯杰\src\CGDraw2DPolylineSegment.cpp(65,59): warning C4244:         ]
  (编译源文件“/CGDraw2DPolylineSegment.cpp”)
  
D:\CG\CG2022111073冯杰\src\CGDraw2DPolylineSegment.cpp(65,45): warning C4244: “参数”: 从“T”转换到“int”，可能丢失数据
D:\CG\CG2022111073冯杰\src\CGDraw2DPolylineSegment.cpp(65,45): warning C4244:         with
D:\CG\CG2022111073冯杰\src\CGDraw2DPolylineSegment.cpp(65,45): warning C4244:         [
D:\CG\CG2022111073冯杰\src\CGDraw2DPolylineSegment.cpp(65,45): warning C4244:             T=glm::f64
D:\CG\CG2022111073冯杰\src\CGDraw2DPolylineSegment.cpp(65,45): warning C4244:         ]
  (编译源文件“/CGDraw2DPolylineSegment.cpp”)
  
D:\CG\CG2022111073冯杰\src\CGDraw2DPolylineSegment.cpp(65,33): warning C4244: “参数”: 从“T”转换到“int”，可能丢失数据
D:\CG\CG2022111073冯杰\src\CGDraw2DPolylineSegment.cpp(65,33): warning C4244:         with
D:\CG\CG2022111073冯杰\src\CGDraw2DPolylineSegment.cpp(65,33): warning C4244:         [
D:\CG\CG2022111073冯杰\src\CGDraw2DPolylineSegment.cpp(65,33): warning C4244:             T=glm::f64
D:\CG\CG2022111073冯杰\src\CGDraw2DPolylineSegment.cpp(65,33): warning C4244:         ]
  (编译源文件“/CGDraw2DPolylineSegment.cpp”)
  
D:\CG\CG2022111073冯杰\src\CGDraw2DPolylineSegment.cpp(67,73): warning C4244: “参数”: 从“T”转换到“int”，可能丢失数据
D:\CG\CG2022111073冯杰\src\CGDraw2DPolylineSegment.cpp(67,73): warning C4244:         with
D:\CG\CG2022111073冯杰\src\CGDraw2DPolylineSegment.cpp(67,73): warning C4244:         [
D:\CG\CG2022111073冯杰\src\CGDraw2DPolylineSegment.cpp(67,73): warning C4244:             T=glm::f64
D:\CG\CG2022111073冯杰\src\CGDraw2DPolylineSegment.cpp(67,73): warning C4244:         ]
  (编译源文件“/CGDraw2DPolylineSegment.cpp”)
  
D:\CG\CG2022111073冯杰\src\CGDraw2DPolylineSegment.cpp(67,59): warning C4244: “参数”: 从“T”转换到“int”，可能丢失数据
D:\CG\CG2022111073冯杰\src\CGDraw2DPolylineSegment.cpp(67,59): warning C4244:         with
D:\CG\CG2022111073冯杰\src\CGDraw2DPolylineSegment.cpp(67,59): warning C4244:         [
D:\CG\CG2022111073冯杰\src\CGDraw2DPolylineSegment.cpp(67,59): warning C4244:             T=glm::f64
D:\CG\CG2022111073冯杰\src\CGDraw2DPolylineSegment.cpp(67,59): warning C4244:         ]
  (编译源文件“/CGDraw2DPolylineSegment.cpp”)
  
D:\CG\CG2022111073冯杰\src\CGDraw2DPolylineSegment.cpp(67,45): warning C4244: “参数”: 从“T”转换到“int”，可能丢失数据
D:\CG\CG2022111073冯杰\src\CGDraw2DPolylineSegment.cpp(67,45): warning C4244:         with
D:\CG\CG2022111073冯杰\src\CGDraw2DPolylineSegment.cpp(67,45): warning C4244:         [
D:\CG\CG2022111073冯杰\src\CGDraw2DPolylineSegment.cpp(67,45): warning C4244:             T=glm::f64
D:\CG\CG2022111073冯杰\src\CGDraw2DPolylineSegment.cpp(67,45): warning C4244:         ]
  (编译源文件“/CGDraw2DPolylineSegment.cpp”)
  
D:\CG\CG2022111073冯杰\src\CGDraw2DPolylineSegment.cpp(67,33): warning C4244: “参数”: 从“T”转换到“int”，可能丢失数据
D:\CG\CG2022111073冯杰\src\CGDraw2DPolylineSegment.cpp(67,33): warning C4244:         with
D:\CG\CG2022111073冯杰\src\CGDraw2DPolylineSegment.cpp(67,33): warning C4244:         [
D:\CG\CG2022111073冯杰\src\CGDraw2DPolylineSegment.cpp(67,33): warning C4244:             T=glm::f64
D:\CG\CG2022111073冯杰\src\CGDraw2DPolylineSegment.cpp(67,33): warning C4244:         ]
  (编译源文件“/CGDraw2DPolylineSegment.cpp”)
  
D:\CG\CG2022111073冯杰\src\CGDraw2DPolylineSegment.cpp(75,69): warning C4244: “参数”: 从“T”转换到“int”，可能丢失数据
D:\CG\CG2022111073冯杰\src\CGDraw2DPolylineSegment.cpp(75,69): warning C4244:         with
D:\CG\CG2022111073冯杰\src\CGDraw2DPolylineSegment.cpp(75,69): warning C4244:         [
D:\CG\CG2022111073冯杰\src\CGDraw2DPolylineSegment.cpp(75,69): warning C4244:             T=glm::f64
D:\CG\CG2022111073冯杰\src\CGDraw2DPolylineSegment.cpp(75,69): warning C4244:         ]
  (编译源文件“/CGDraw2DPolylineSegment.cpp”)
  
D:\CG\CG2022111073冯杰\src\CGDraw2DPolylineSegment.cpp(75,55): warning C4244: “参数”: 从“T”转换到“int”，可能丢失数据
D:\CG\CG2022111073冯杰\src\CGDraw2DPolylineSegment.cpp(75,55): warning C4244:         with
D:\CG\CG2022111073冯杰\src\CGDraw2DPolylineSegment.cpp(75,55): warning C4244:         [
D:\CG\CG2022111073冯杰\src\CGDraw2DPolylineSegment.cpp(75,55): warning C4244:             T=glm::f64
D:\CG\CG2022111073冯杰\src\CGDraw2DPolylineSegment.cpp(75,55): warning C4244:         ]
  (编译源文件“/CGDraw2DPolylineSegment.cpp”)
  
D:\CG\CG2022111073冯杰\src\CGDraw2DPolylineSegment.cpp(75,41): warning C4244: “参数”: 从“T”转换到“int”，可能丢失数据
D:\CG\CG2022111073冯杰\src\CGDraw2DPolylineSegment.cpp(75,41): warning C4244:         with
D:\CG\CG2022111073冯杰\src\CGDraw2DPolylineSegment.cpp(75,41): warning C4244:         [
D:\CG\CG2022111073冯杰\src\CGDraw2DPolylineSegment.cpp(75,41): warning C4244:             T=glm::f64
D:\CG\CG2022111073冯杰\src\CGDraw2DPolylineSegment.cpp(75,41): warning C4244:         ]
  (编译源文件“/CGDraw2DPolylineSegment.cpp”)
  
D:\CG\CG2022111073冯杰\src\CGDraw2DPolylineSegment.cpp(75,29): warning C4244: “参数”: 从“T”转换到“int”，可能丢失数据
D:\CG\CG2022111073冯杰\src\CGDraw2DPolylineSegment.cpp(75,29): warning C4244:         with
D:\CG\CG2022111073冯杰\src\CGDraw2DPolylineSegment.cpp(75,29): warning C4244:         [
D:\CG\CG2022111073冯杰\src\CGDraw2DPolylineSegment.cpp(75,29): warning C4244:             T=glm::f64
D:\CG\CG2022111073冯杰\src\CGDraw2DPolylineSegment.cpp(75,29): warning C4244:         ]
  (编译源文件“/CGDraw2DPolylineSegment.cpp”)
  
D:\CG\CG2022111073冯杰\src\CGDraw2DPolylineSegment.cpp(99,73): warning C4244: “参数”: 从“T”转换到“int”，可能丢失数据
D:\CG\CG2022111073冯杰\src\CGDraw2DPolylineSegment.cpp(99,73): warning C4244:         with
D:\CG\CG2022111073冯杰\src\CGDraw2DPolylineSegment.cpp(99,73): warning C4244:         [
D:\CG\CG2022111073冯杰\src\CGDraw2DPolylineSegment.cpp(99,73): warning C4244:             T=glm::f64
D:\CG\CG2022111073冯杰\src\CGDraw2DPolylineSegment.cpp(99,73): warning C4244:         ]
  (编译源文件“/CGDraw2DPolylineSegment.cpp”)
  
D:\CG\CG2022111073冯杰\src\CGDraw2DPolylineSegment.cpp(99,59): warning C4244: “参数”: 从“T”转换到“int”，可能丢失数据
D:\CG\CG2022111073冯杰\src\CGDraw2DPolylineSegment.cpp(99,59): warning C4244:         with
D:\CG\CG2022111073冯杰\src\CGDraw2DPolylineSegment.cpp(99,59): warning C4244:         [
D:\CG\CG2022111073冯杰\src\CGDraw2DPolylineSegment.cpp(99,59): warning C4244:             T=glm::f64
D:\CG\CG2022111073冯杰\src\CGDraw2DPolylineSegment.cpp(99,59): warning C4244:         ]
  (编译源文件“/CGDraw2DPolylineSegment.cpp”)
  
D:\CG\CG2022111073冯杰\src\CGDraw2DPolylineSegment.cpp(99,45): warning C4244: “参数”: 从“T”转换到“int”，可能丢失数据
D:\CG\CG2022111073冯杰\src\CGDraw2DPolylineSegment.cpp(99,45): warning C4244:         with
D:\CG\CG2022111073冯杰\src\CGDraw2DPolylineSegment.cpp(99,45): warning C4244:         [
D:\CG\CG2022111073冯杰\src\CGDraw2DPolylineSegment.cpp(99,45): warning C4244:             T=glm::f64
D:\CG\CG2022111073冯杰\src\CGDraw2DPolylineSegment.cpp(99,45): warning C4244:         ]
  (编译源文件“/CGDraw2DPolylineSegment.cpp”)
  
D:\CG\CG2022111073冯杰\src\CGDraw2DPolylineSegment.cpp(99,33): warning C4244: “参数”: 从“T”转换到“int”，可能丢失数据
D:\CG\CG2022111073冯杰\src\CGDraw2DPolylineSegment.cpp(99,33): warning C4244:         with
D:\CG\CG2022111073冯杰\src\CGDraw2DPolylineSegment.cpp(99,33): warning C4244:         [
D:\CG\CG2022111073冯杰\src\CGDraw2DPolylineSegment.cpp(99,33): warning C4244:             T=glm::f64
D:\CG\CG2022111073冯杰\src\CGDraw2DPolylineSegment.cpp(99,33): warning C4244:         ]
  (编译源文件“/CGDraw2DPolylineSegment.cpp”)
  
D:\CG\CG2022111073冯杰\src\CGDraw2DPolylineSegment.cpp(154,69): warning C4244: “参数”: 从“T”转换到“int”，可能丢失数据
D:\CG\CG2022111073冯杰\src\CGDraw2DPolylineSegment.cpp(154,69): warning C4244:         with
D:\CG\CG2022111073冯杰\src\CGDraw2DPolylineSegment.cpp(154,69): warning C4244:         [
D:\CG\CG2022111073冯杰\src\CGDraw2DPolylineSegment.cpp(154,69): warning C4244:             T=glm::f64
D:\CG\CG2022111073冯杰\src\CGDraw2DPolylineSegment.cpp(154,69): warning C4244:         ]
  (编译源文件“/CGDraw2DPolylineSegment.cpp”)
  
D:\CG\CG2022111073冯杰\src\CGDraw2DPolylineSegment.cpp(154,55): warning C4244: “参数”: 从“T”转换到“int”，可能丢失数据
D:\CG\CG2022111073冯杰\src\CGDraw2DPolylineSegment.cpp(154,55): warning C4244:         with
D:\CG\CG2022111073冯杰\src\CGDraw2DPolylineSegment.cpp(154,55): warning C4244:         [
D:\CG\CG2022111073冯杰\src\CGDraw2DPolylineSegment.cpp(154,55): warning C4244:             T=glm::f64
D:\CG\CG2022111073冯杰\src\CGDraw2DPolylineSegment.cpp(154,55): warning C4244:         ]
  (编译源文件“/CGDraw2DPolylineSegment.cpp”)
  
D:\CG\CG2022111073冯杰\src\CGDraw2DPolylineSegment.cpp(154,41): warning C4244: “参数”: 从“T”转换到“int”，可能丢失数据
D:\CG\CG2022111073冯杰\src\CGDraw2DPolylineSegment.cpp(154,41): warning C4244:         with
D:\CG\CG2022111073冯杰\src\CGDraw2DPolylineSegment.cpp(154,41): warning C4244:         [
D:\CG\CG2022111073冯杰\src\CGDraw2DPolylineSegment.cpp(154,41): warning C4244:             T=glm::f64
D:\CG\CG2022111073冯杰\src\CGDraw2DPolylineSegment.cpp(154,41): warning C4244:         ]
  (编译源文件“/CGDraw2DPolylineSegment.cpp”)
  
D:\CG\CG2022111073冯杰\src\CGDraw2DPolylineSegment.cpp(154,29): warning C4244: “参数”: 从“T”转换到“int”，可能丢失数据
D:\CG\CG2022111073冯杰\src\CGDraw2DPolylineSegment.cpp(154,29): warning C4244:         with
D:\CG\CG2022111073冯杰\src\CGDraw2DPolylineSegment.cpp(154,29): warning C4244:         [
D:\CG\CG2022111073冯杰\src\CGDraw2DPolylineSegment.cpp(154,29): warning C4244:             T=glm::f64
D:\CG\CG2022111073冯杰\src\CGDraw2DPolylineSegment.cpp(154,29): warning C4244:         ]
  (编译源文件“/CGDraw2DPolylineSegment.cpp”)
  
D:\CG\CG2022111073冯杰\src\CGDraw2DPolylineSegment.cpp(163,69): warning C4244: “参数”: 从“T”转换到“int”，可能丢失数据
D:\CG\CG2022111073冯杰\src\CGDraw2DPolylineSegment.cpp(163,69): warning C4244:         with
D:\CG\CG2022111073冯杰\src\CGDraw2DPolylineSegment.cpp(163,69): warning C4244:         [
D:\CG\CG2022111073冯杰\src\CGDraw2DPolylineSegment.cpp(163,69): warning C4244:             T=glm::f64
D:\CG\CG2022111073冯杰\src\CGDraw2DPolylineSegment.cpp(163,69): warning C4244:         ]
  (编译源文件“/CGDraw2DPolylineSegment.cpp”)
  
D:\CG\CG2022111073冯杰\src\CGDraw2DPolylineSegment.cpp(163,55): warning C4244: “参数”: 从“T”转换到“int”，可能丢失数据
D:\CG\CG2022111073冯杰\src\CGDraw2DPolylineSegment.cpp(163,55): warning C4244:         with
D:\CG\CG2022111073冯杰\src\CGDraw2DPolylineSegment.cpp(163,55): warning C4244:         [
D:\CG\CG2022111073冯杰\src\CGDraw2DPolylineSegment.cpp(163,55): warning C4244:             T=glm::f64
D:\CG\CG2022111073冯杰\src\CGDraw2DPolylineSegment.cpp(163,55): warning C4244:         ]
  (编译源文件“/CGDraw2DPolylineSegment.cpp”)
  
D:\CG\CG2022111073冯杰\src\CGDraw2DPolylineSegment.cpp(163,41): warning C4244: “参数”: 从“T”转换到“int”，可能丢失数据
D:\CG\CG2022111073冯杰\src\CGDraw2DPolylineSegment.cpp(163,41): warning C4244:         with
D:\CG\CG2022111073冯杰\src\CGDraw2DPolylineSegment.cpp(163,41): warning C4244:         [
D:\CG\CG2022111073冯杰\src\CGDraw2DPolylineSegment.cpp(163,41): warning C4244:             T=glm::f64
D:\CG\CG2022111073冯杰\src\CGDraw2DPolylineSegment.cpp(163,41): warning C4244:         ]
  (编译源文件“/CGDraw2DPolylineSegment.cpp”)
  
D:\CG\CG2022111073冯杰\src\CGDraw2DPolylineSegment.cpp(163,29): warning C4244: “参数”: 从“T”转换到“int”，可能丢失数据
D:\CG\CG2022111073冯杰\src\CGDraw2DPolylineSegment.cpp(163,29): warning C4244:         with
D:\CG\CG2022111073冯杰\src\CGDraw2DPolylineSegment.cpp(163,29): warning C4244:         [
D:\CG\CG2022111073冯杰\src\CGDraw2DPolylineSegment.cpp(163,29): warning C4244:             T=glm::f64
D:\CG\CG2022111073冯杰\src\CGDraw2DPolylineSegment.cpp(163,29): warning C4244:         ]
  (编译源文件“/CGDraw2DPolylineSegment.cpp”)
  
D:\CG\CG2022111073冯杰\src\CGDraw2DPolylineSegment.cpp(165,69): warning C4244: “参数”: 从“T”转换到“int”，可能丢失数据
D:\CG\CG2022111073冯杰\src\CGDraw2DPolylineSegment.cpp(165,69): warning C4244:         with
D:\CG\CG2022111073冯杰\src\CGDraw2DPolylineSegment.cpp(165,69): warning C4244:         [
D:\CG\CG2022111073冯杰\src\CGDraw2DPolylineSegment.cpp(165,69): warning C4244:             T=glm::f64
D:\CG\CG2022111073冯杰\src\CGDraw2DPolylineSegment.cpp(165,69): warning C4244:         ]
  (编译源文件“/CGDraw2DPolylineSegment.cpp”)
  
D:\CG\CG2022111073冯杰\src\CGDraw2DPolylineSegment.cpp(165,55): warning C4244: “参数”: 从“T”转换到“int”，可能丢失数据
D:\CG\CG2022111073冯杰\src\CGDraw2DPolylineSegment.cpp(165,55): warning C4244:         with
D:\CG\CG2022111073冯杰\src\CGDraw2DPolylineSegment.cpp(165,55): warning C4244:         [
D:\CG\CG2022111073冯杰\src\CGDraw2DPolylineSegment.cpp(165,55): warning C4244:             T=glm::f64
D:\CG\CG2022111073冯杰\src\CGDraw2DPolylineSegment.cpp(165,55): warning C4244:         ]
  (编译源文件“/CGDraw2DPolylineSegment.cpp”)
  
D:\CG\CG2022111073冯杰\src\CGDraw2DPolylineSegment.cpp(165,41): warning C4244: “参数”: 从“T”转换到“int”，可能丢失数据
D:\CG\CG2022111073冯杰\src\CGDraw2DPolylineSegment.cpp(165,41): warning C4244:         with
D:\CG\CG2022111073冯杰\src\CGDraw2DPolylineSegment.cpp(165,41): warning C4244:         [
D:\CG\CG2022111073冯杰\src\CGDraw2DPolylineSegment.cpp(165,41): warning C4244:             T=glm::f64
D:\CG\CG2022111073冯杰\src\CGDraw2DPolylineSegment.cpp(165,41): warning C4244:         ]
  (编译源文件“/CGDraw2DPolylineSegment.cpp”)
  
D:\CG\CG2022111073冯杰\src\CGDraw2DPolylineSegment.cpp(165,29): warning C4244: “参数”: 从“T”转换到“int”，可能丢失数据
D:\CG\CG2022111073冯杰\src\CGDraw2DPolylineSegment.cpp(165,29): warning C4244:         with
D:\CG\CG2022111073冯杰\src\CGDraw2DPolylineSegment.cpp(165,29): warning C4244:         [
D:\CG\CG2022111073冯杰\src\CGDraw2DPolylineSegment.cpp(165,29): warning C4244:             T=glm::f64
D:\CG\CG2022111073冯杰\src\CGDraw2DPolylineSegment.cpp(165,29): warning C4244:         ]
  (编译源文件“/CGDraw2DPolylineSegment.cpp”)
  
D:\CG\CG2022111073冯杰\src\CGDraw2DPolylineSegment.cpp(174,69): warning C4244: “参数”: 从“T”转换到“int”，可能丢失数据
D:\CG\CG2022111073冯杰\src\CGDraw2DPolylineSegment.cpp(174,69): warning C4244:         with
D:\CG\CG2022111073冯杰\src\CGDraw2DPolylineSegment.cpp(174,69): warning C4244:         [
D:\CG\CG2022111073冯杰\src\CGDraw2DPolylineSegment.cpp(174,69): warning C4244:             T=glm::f64
D:\CG\CG2022111073冯杰\src\CGDraw2DPolylineSegment.cpp(174,69): warning C4244:         ]
  (编译源文件“/CGDraw2DPolylineSegment.cpp”)
  
D:\CG\CG2022111073冯杰\src\CGDraw2DPolylineSegment.cpp(174,55): warning C4244: “参数”: 从“T”转换到“int”，可能丢失数据
D:\CG\CG2022111073冯杰\src\CGDraw2DPolylineSegment.cpp(174,55): warning C4244:         with
D:\CG\CG2022111073冯杰\src\CGDraw2DPolylineSegment.cpp(174,55): warning C4244:         [
D:\CG\CG2022111073冯杰\src\CGDraw2DPolylineSegment.cpp(174,55): warning C4244:             T=glm::f64
D:\CG\CG2022111073冯杰\src\CGDraw2DPolylineSegment.cpp(174,55): warning C4244:         ]
  (编译源文件“/CGDraw2DPolylineSegment.cpp”)
  
D:\CG\CG2022111073冯杰\src\CGDraw2DPolylineSegment.cpp(174,41): warning C4244: “参数”: 从“T”转换到“int”，可能丢失数据
D:\CG\CG2022111073冯杰\src\CGDraw2DPolylineSegment.cpp(174,41): warning C4244:         with
D:\CG\CG2022111073冯杰\src\CGDraw2DPolylineSegment.cpp(174,41): warning C4244:         [
D:\CG\CG2022111073冯杰\src\CGDraw2DPolylineSegment.cpp(174,41): warning C4244:             T=glm::f64
D:\CG\CG2022111073冯杰\src\CGDraw2DPolylineSegment.cpp(174,41): warning C4244:         ]
  (编译源文件“/CGDraw2DPolylineSegment.cpp”)
  
D:\CG\CG2022111073冯杰\src\CGDraw2DPolylineSegment.cpp(174,29): warning C4244: “参数”: 从“T”转换到“int”，可能丢失数据
D:\CG\CG2022111073冯杰\src\CGDraw2DPolylineSegment.cpp(174,29): warning C4244:         with
D:\CG\CG2022111073冯杰\src\CGDraw2DPolylineSegment.cpp(174,29): warning C4244:         [
D:\CG\CG2022111073冯杰\src\CGDraw2DPolylineSegment.cpp(174,29): warning C4244:             T=glm::f64
D:\CG\CG2022111073冯杰\src\CGDraw2DPolylineSegment.cpp(174,29): warning C4244:         ]
  (编译源文件“/CGDraw2DPolylineSegment.cpp”)
  
D:\CG\CG2022111073冯杰\src\CGDraw2DPolylineSegment.cpp(176,69): warning C4244: “参数”: 从“T”转换到“int”，可能丢失数据
D:\CG\CG2022111073冯杰\src\CGDraw2DPolylineSegment.cpp(176,69): warning C4244:         with
D:\CG\CG2022111073冯杰\src\CGDraw2DPolylineSegment.cpp(176,69): warning C4244:         [
D:\CG\CG2022111073冯杰\src\CGDraw2DPolylineSegment.cpp(176,69): warning C4244:             T=glm::f64
D:\CG\CG2022111073冯杰\src\CGDraw2DPolylineSegment.cpp(176,69): warning C4244:         ]
  (编译源文件“/CGDraw2DPolylineSegment.cpp”)
  
D:\CG\CG2022111073冯杰\src\CGDraw2DPolylineSegment.cpp(176,55): warning C4244: “参数”: 从“T”转换到“int”，可能丢失数据
D:\CG\CG2022111073冯杰\src\CGDraw2DPolylineSegment.cpp(176,55): warning C4244:         with
D:\CG\CG2022111073冯杰\src\CGDraw2DPolylineSegment.cpp(176,55): warning C4244:         [
D:\CG\CG2022111073冯杰\src\CGDraw2DPolylineSegment.cpp(176,55): warning C4244:             T=glm::f64
D:\CG\CG2022111073冯杰\src\CGDraw2DPolylineSegment.cpp(176,55): warning C4244:         ]
  (编译源文件“/CGDraw2DPolylineSegment.cpp”)
  
D:\CG\CG2022111073冯杰\src\CGDraw2DPolylineSegment.cpp(176,41): warning C4244: “参数”: 从“T”转换到“int”，可能丢失数据
D:\CG\CG2022111073冯杰\src\CGDraw2DPolylineSegment.cpp(176,41): warning C4244:         with
D:\CG\CG2022111073冯杰\src\CGDraw2DPolylineSegment.cpp(176,41): warning C4244:         [
D:\CG\CG2022111073冯杰\src\CGDraw2DPolylineSegment.cpp(176,41): warning C4244:             T=glm::f64
D:\CG\CG2022111073冯杰\src\CGDraw2DPolylineSegment.cpp(176,41): warning C4244:         ]
  (编译源文件“/CGDraw2DPolylineSegment.cpp”)
  
D:\CG\CG2022111073冯杰\src\CGDraw2DPolylineSegment.cpp(176,29): warning C4244: “参数”: 从“T”转换到“int”，可能丢失数据
D:\CG\CG2022111073冯杰\src\CGDraw2DPolylineSegment.cpp(176,29): warning C4244:         with
D:\CG\CG2022111073冯杰\src\CGDraw2DPolylineSegment.cpp(176,29): warning C4244:         [
D:\CG\CG2022111073冯杰\src\CGDraw2DPolylineSegment.cpp(176,29): warning C4244:             T=glm::f64
D:\CG\CG2022111073冯杰\src\CGDraw2DPolylineSegment.cpp(176,29): warning C4244:         ]
  (编译源文件“/CGDraw2DPolylineSegment.cpp”)
  
D:\CG\CG2022111073冯杰\src\CGDraw2DPolylineSegment.cpp(214,77): warning C4244: “参数”: 从“T”转换到“int”，可能丢失数据
D:\CG\CG2022111073冯杰\src\CGDraw2DPolylineSegment.cpp(214,77): warning C4244:         with
D:\CG\CG2022111073冯杰\src\CGDraw2DPolylineSegment.cpp(214,77): warning C4244:         [
D:\CG\CG2022111073冯杰\src\CGDraw2DPolylineSegment.cpp(214,77): warning C4244:             T=glm::f64
D:\CG\CG2022111073冯杰\src\CGDraw2DPolylineSegment.cpp(214,77): warning C4244:         ]
  (编译源文件“/CGDraw2DPolylineSegment.cpp”)
  
D:\CG\CG2022111073冯杰\src\CGDraw2DPolylineSegment.cpp(214,61): warning C4244: “参数”: 从“T”转换到“int”，可能丢失数据
D:\CG\CG2022111073冯杰\src\CGDraw2DPolylineSegment.cpp(214,61): warning C4244:         with
D:\CG\CG2022111073冯杰\src\CGDraw2DPolylineSegment.cpp(214,61): warning C4244:         [
D:\CG\CG2022111073冯杰\src\CGDraw2DPolylineSegment.cpp(214,61): warning C4244:             T=glm::f64
D:\CG\CG2022111073冯杰\src\CGDraw2DPolylineSegment.cpp(214,61): warning C4244:         ]
  (编译源文件“/CGDraw2DPolylineSegment.cpp”)
  
D:\CG\CG2022111073冯杰\src\CGDraw2DPolylineSegment.cpp(214,45): warning C4244: “参数”: 从“T”转换到“int”，可能丢失数据
D:\CG\CG2022111073冯杰\src\CGDraw2DPolylineSegment.cpp(214,45): warning C4244:         with
D:\CG\CG2022111073冯杰\src\CGDraw2DPolylineSegment.cpp(214,45): warning C4244:         [
D:\CG\CG2022111073冯杰\src\CGDraw2DPolylineSegment.cpp(214,45): warning C4244:             T=glm::f64
D:\CG\CG2022111073冯杰\src\CGDraw2DPolylineSegment.cpp(214,45): warning C4244:         ]
  (编译源文件“/CGDraw2DPolylineSegment.cpp”)
  
D:\CG\CG2022111073冯杰\src\CGDraw2DPolylineSegment.cpp(214,31): warning C4244: “参数”: 从“T”转换到“int”，可能丢失数据
D:\CG\CG2022111073冯杰\src\CGDraw2DPolylineSegment.cpp(214,31): warning C4244:         with
D:\CG\CG2022111073冯杰\src\CGDraw2DPolylineSegment.cpp(214,31): warning C4244:         [
D:\CG\CG2022111073冯杰\src\CGDraw2DPolylineSegment.cpp(214,31): warning C4244:             T=glm::f64
D:\CG\CG2022111073冯杰\src\CGDraw2DPolylineSegment.cpp(214,31): warning C4244:         ]
  (编译源文件“/CGDraw2DPolylineSegment.cpp”)
  
  CGeode.cpp
  CGGeometry.cpp
  CGGroup.cpp
D:\CG\CG2022111073冯杰\src\CGGroup.cpp(40,44): warning C4267: “参数”: 从“size_t”转换到“unsigned int”，可能丢失数据
  (编译源文件“/CGGroup.cpp”)
  
D:\CG\CG2022111073冯杰\src\CGGroup.cpp(48,25): warning C4267: “=”: 从“size_t”转换到“unsigned int”，可能丢失数据
  (编译源文件“/CGGroup.cpp”)
  
  CGLineSegment.cpp
D:\CG\CG2022111073冯杰\src\CGLineSegment.cpp(37,39): warning C4244: “参数”: 从“T”转换到“GLfloat”，可能丢失数据
D:\CG\CG2022111073冯杰\src\CGLineSegment.cpp(37,39): warning C4244:         with
D:\CG\CG2022111073冯杰\src\CGLineSegment.cpp(37,39): warning C4244:         [
D:\CG\CG2022111073冯杰\src\CGLineSegment.cpp(37,39): warning C4244:             T=glm::f64
D:\CG\CG2022111073冯杰\src\CGLineSegment.cpp(37,39): warning C4244:         ]
  (编译源文件“/CGLineSegment.cpp”)
  
D:\CG\CG2022111073冯杰\src\CGLineSegment.cpp(37,29): warning C4244: “参数”: 从“T”转换到“GLfloat”，可能丢失数据
D:\CG\CG2022111073冯杰\src\CGLineSegment.cpp(37,29): warning C4244:         with
D:\CG\CG2022111073冯杰\src\CGLineSegment.cpp(37,29): warning C4244:         [
D:\CG\CG2022111073冯杰\src\CGLineSegment.cpp(37,29): warning C4244:             T=glm::f64
D:\CG\CG2022111073冯杰\src\CGLineSegment.cpp(37,29): warning C4244:         ]
  (编译源文件“/CGLineSegment.cpp”)
  
D:\CG\CG2022111073冯杰\src\CGLineSegment.cpp(37,19): warning C4244: “参数”: 从“T”转换到“GLfloat”，可能丢失数据
D:\CG\CG2022111073冯杰\src\CGLineSegment.cpp(37,19): warning C4244:         with
D:\CG\CG2022111073冯杰\src\CGLineSegment.cpp(37,19): warning C4244:         [
D:\CG\CG2022111073冯杰\src\CGLineSegment.cpp(37,19): warning C4244:             T=glm::f64
D:\CG\CG2022111073冯杰\src\CGLineSegment.cpp(37,19): warning C4244:         ]
  (编译源文件“/CGLineSegment.cpp”)
  
D:\CG\CG2022111073冯杰\src\CGLineSegment.cpp(38,33): warning C4244: “参数”: 从“T”转换到“GLfloat”，可能丢失数据
D:\CG\CG2022111073冯杰\src\CGLineSegment.cpp(38,33): warning C4244:         with
D:\CG\CG2022111073冯杰\src\CGLineSegment.cpp(38,33): warning C4244:         [
D:\CG\CG2022111073冯杰\src\CGLineSegment.cpp(38,33): warning C4244:             T=glm::f64
D:\CG\CG2022111073冯杰\src\CGLineSegment.cpp(38,33): warning C4244:         ]
  (编译源文件“/CGLineSegment.cpp”)
  
D:\CG\CG2022111073冯杰\src\CGLineSegment.cpp(38,25): warning C4244: “参数”: 从“T”转换到“GLfloat”，可能丢失数据
D:\CG\CG2022111073冯杰\src\CGLineSegment.cpp(38,25): warning C4244:         with
D:\CG\CG2022111073冯杰\src\CGLineSegment.cpp(38,25): warning C4244:         [
D:\CG\CG2022111073冯杰\src\CGLineSegment.cpp(38,25): warning C4244:             T=glm::f64
D:\CG\CG2022111073冯杰\src\CGLineSegment.cpp(38,25): warning C4244:         ]
  (编译源文件“/CGLineSegment.cpp”)
  
D:\CG\CG2022111073冯杰\src\CGLineSegment.cpp(38,17): warning C4244: “参数”: 从“T”转换到“GLfloat”，可能丢失数据
D:\CG\CG2022111073冯杰\src\CGLineSegment.cpp(38,17): warning C4244:         with
D:\CG\CG2022111073冯杰\src\CGLineSegment.cpp(38,17): warning C4244:         [
D:\CG\CG2022111073冯杰\src\CGLineSegment.cpp(38,17): warning C4244:             T=glm::f64
D:\CG\CG2022111073冯杰\src\CGLineSegment.cpp(38,17): warning C4244:         ]
  (编译源文件“/CGLineSegment.cpp”)
  
  CGModel2DTransform.cpp
  CGNode.cpp
  CGObject.cpp
  CGPolylineSegment.cpp
D:\CG\CG2022111073冯杰\src\CGPolylineSegment.cpp(76,37): warning C4244: “参数”: 从“const T”转换到“GLfloat”，可能丢失数据
D:\CG\CG2022111073冯杰\src\CGPolylineSegment.cpp(76,37): warning C4244:         with
D:\CG\CG2022111073冯杰\src\CGPolylineSegment.cpp(76,37): warning C4244:         [
D:\CG\CG2022111073冯杰\src\CGPolylineSegment.cpp(76,37): warning C4244:             T=glm::f64
D:\CG\CG2022111073冯杰\src\CGPolylineSegment.cpp(76,37): warning C4244:         ]
  (编译源文件“/CGPolylineSegment.cpp”)
  
D:\CG\CG2022111073冯杰\src\CGPolylineSegment.cpp(76,28): warning C4244: “参数”: 从“const T”转换到“GLfloat”，可能丢失数据
D:\CG\CG2022111073冯杰\src\CGPolylineSegment.cpp(76,28): warning C4244:         with
D:\CG\CG2022111073冯杰\src\CGPolylineSegment.cpp(76,28): warning C4244:         [
D:\CG\CG2022111073冯杰\src\CGPolylineSegment.cpp(76,28): warning C4244:             T=glm::f64
D:\CG\CG2022111073冯杰\src\CGPolylineSegment.cpp(76,28): warning C4244:         ]
  (编译源文件“/CGPolylineSegment.cpp”)
  
D:\CG\CG2022111073冯杰\src\CGPolylineSegment.cpp(76,19): warning C4244: “参数”: 从“const T”转换到“GLfloat”，可能丢失数据
D:\CG\CG2022111073冯杰\src\CGPolylineSegment.cpp(76,19): warning C4244:         with
D:\CG\CG2022111073冯杰\src\CGPolylineSegment.cpp(76,19): warning C4244:         [
D:\CG\CG2022111073冯杰\src\CGPolylineSegment.cpp(76,19): warning C4244:             T=glm::f64
D:\CG\CG2022111073冯杰\src\CGPolylineSegment.cpp(76,19): warning C4244:         ]
  (编译源文件“/CGPolylineSegment.cpp”)
  
D:\CG\CG2022111073冯杰\src\CGPolylineSegment.cpp(84,64): warning C4244: “参数”: 从“T”转换到“GLfloat”，可能丢失数据
D:\CG\CG2022111073冯杰\src\CGPolylineSegment.cpp(84,64): warning C4244:         with
D:\CG\CG2022111073冯杰\src\CGPolylineSegment.cpp(84,64): warning C4244:         [
D:\CG\CG2022111073冯杰\src\CGPolylineSegment.cpp(84,64): warning C4244:             T=glm::f64
D:\CG\CG2022111073冯杰\src\CGPolylineSegment.cpp(84,64): warning C4244:         ]
  (编译源文件“/CGPolylineSegment.cpp”)
  
D:\CG\CG2022111073冯杰\src\CGPolylineSegment.cpp(84,46): warning C4244: “参数”: 从“T”转换到“GLfloat”，可能丢失数据
D:\CG\CG2022111073冯杰\src\CGPolylineSegment.cpp(84,46): warning C4244:         with
D:\CG\CG2022111073冯杰\src\CGPolylineSegment.cpp(84,46): warning C4244:         [
D:\CG\CG2022111073冯杰\src\CGPolylineSegment.cpp(84,46): warning C4244:             T=glm::f64
D:\CG\CG2022111073冯杰\src\CGPolylineSegment.cpp(84,46): warning C4244:         ]
  (编译源文件“/CGPolylineSegment.cpp”)
  
D:\CG\CG2022111073冯杰\src\CGPolylineSegment.cpp(84,28): warning C4244: “参数”: 从“T”转换到“GLfloat”，可能丢失数据
D:\CG\CG2022111073冯杰\src\CGPolylineSegment.cpp(84,28): warning C4244:         with
D:\CG\CG2022111073冯杰\src\CGPolylineSegment.cpp(84,28): warning C4244:         [
D:\CG\CG2022111073冯杰\src\CGPolylineSegment.cpp(84,28): warning C4244:             T=glm::f64
D:\CG\CG2022111073冯杰\src\CGPolylineSegment.cpp(84,28): warning C4244:         ]
  (编译源文件“/CGPolylineSegment.cpp”)
  
D:\CG\CG2022111073冯杰\src\CGPolylineSegment.cpp(85,67): warning C4244: “参数”: 从“T”转换到“GLfloat”，可能丢失数据
D:\CG\CG2022111073冯杰\src\CGPolylineSegment.cpp(85,67): warning C4244:         with
D:\CG\CG2022111073冯杰\src\CGPolylineSegment.cpp(85,67): warning C4244:         [
D:\CG\CG2022111073冯杰\src\CGPolylineSegment.cpp(85,67): warning C4244:             T=glm::f64
D:\CG\CG2022111073冯杰\src\CGPolylineSegment.cpp(85,67): warning C4244:         ]
  (编译源文件“/CGPolylineSegment.cpp”)
  
D:\CG\CG2022111073冯杰\src\CGPolylineSegment.cpp(85,48): warning C4244: “参数”: 从“T”转换到“GLfloat”，可能丢失数据
D:\CG\CG2022111073冯杰\src\CGPolylineSegment.cpp(85,48): warning C4244:         with
D:\CG\CG2022111073冯杰\src\CGPolylineSegment.cpp(85,48): warning C4244:         [
D:\CG\CG2022111073冯杰\src\CGPolylineSegment.cpp(85,48): warning C4244:             T=glm::f64
D:\CG\CG2022111073冯杰\src\CGPolylineSegment.cpp(85,48): warning C4244:         ]
  (编译源文件“/CGPolylineSegment.cpp”)
  
D:\CG\CG2022111073冯杰\src\CGPolylineSegment.cpp(85,29): warning C4244: “参数”: 从“T”转换到“GLfloat”，可能丢失数据
D:\CG\CG2022111073冯杰\src\CGPolylineSegment.cpp(85,29): warning C4244:         with
D:\CG\CG2022111073冯杰\src\CGPolylineSegment.cpp(85,29): warning C4244:         [
D:\CG\CG2022111073冯杰\src\CGPolylineSegment.cpp(85,29): warning C4244:             T=glm::f64
D:\CG\CG2022111073冯杰\src\CGPolylineSegment.cpp(85,29): warning C4244:         ]
  (编译源文件“/CGPolylineSegment.cpp”)
  
  CGRenderable.cpp
  CGScene.cpp
  CGTransform.cpp
  homework1.cpp
  正在编译...
  homework2.cpp
D:\CG\CG2022111073冯杰\src\homework2.cpp(375,11): warning C4244: “初始化”: 从“double”转换到“int”，可能丢失数据
  (编译源文件“/homework2.cpp”)
  
D:\CG\CG2022111073冯杰\src\homework2.cpp(376,11): warning C4244: “初始化”: 从“double”转换到“int”，可能丢失数据
  (编译源文件“/homework2.cpp”)
  
D:\CG\CG2022111073冯杰\src\homework2.cpp(377,14): warning C4244: “初始化”: 从“double”转换到“int”，可能丢失数据
  (编译源文件“/homework2.cpp”)
  
D:\CG\CG2022111073冯杰\src\homework2.cpp(525,11): warning C4244: “初始化”: 从“double”转换到“int”，可能丢失数据
  (编译源文件“/homework2.cpp”)
  
D:\CG\CG2022111073冯杰\src\homework2.cpp(526,11): warning C4244: “初始化”: 从“double”转换到“int”，可能丢失数据
  (编译源文件“/homework2.cpp”)
  
D:\CG\CG2022111073冯杰\src\homework2.cpp(527,14): warning C4244: “初始化”: 从“double”转换到“int”，可能丢失数据
  (编译源文件“/homework2.cpp”)
  
D:\CG\CG2022111073冯杰\src\homework2.cpp(528,11): warning C4244: “初始化”: 从“double”转换到“int”，可能丢失数据
  (编译源文件“/homework2.cpp”)
  
D:\CG\CG2022111073冯杰\src\homework2.cpp(696,28): warning C4244: “参数”: 从“double”转换到“GLint”，可能丢失数据
  (编译源文件“/homework2.cpp”)
  
  MainFrm.cpp
  UIEventHandler.cpp
  正在生成代码
  Previous IPDB not found, fall back to full compilation.
D:\CG\CG2022111073冯杰\src\CGScene.cpp(42): warning C4715: “CGScene::Render”: 不是所有的控件路径都返回值
D:\CG\CG2022111073冯杰\src\CGeode.cpp(32): warning C4715: “CGGeode::Render”: 不是所有的控件路径都返回值
D:\CG\CG2022111073冯杰\src\CGTransform.cpp(30): warning C4715: “CGTransform::Render”: 不是所有的控件路径都返回值
D:\CG\CG2022111073冯杰\src\CGGroup.cpp(37): warning C4715: “CGGroup::Render”: 不是所有的控件路径都返回值
  All 1241 functions were compiled because no usable IPDB/IOBJ from previous compilation was found.
  已完成代码的生成
  CG2022111073冯杰.vcxproj -> D:\CG\CG2022111073冯杰\src\x64\Release\CG2022111073冯杰.exe
